<?xml version="1.0" encoding="UTF-8"?>
<!-- Generated by org.testng.reporters.JUnitReportReporter -->
<testsuite skipped="0" hostname="HP" name="BookCarWithFewFields" tests="1" failures="0" timestamp="2021-09-14T12:58:32 IST" time="172.284" errors="0">
  <testcase name="f" time="172.284" classname="BookCarWithFewFields"/>
  <system-out/>
</testsuite> <!-- BookCarWithFewFields -->
