<?xml version="1.0" encoding="UTF-8"?>
<!-- Generated by org.testng.reporters.JUnitReportReporter -->
<testsuite skipped="0" hostname="HP" name="functionalTests.HomePageContactUs" tests="1" failures="0" timestamp="2021-09-14T13:19:18 IST" time="85.380" errors="0">
  <testcase name="f" time="85.380" classname="functionalTests.HomePageContactUs"/>
  <system-out/>
</testsuite> <!-- functionalTests.HomePageContactUs -->
