<?xml version="1.0" encoding="UTF-8"?>
<!-- Generated by org.testng.reporters.JUnitReportReporter -->
<testsuite hostname="ARPGL006256" failures="0" tests="2" name="ForgotPassword" time="3.715" errors="0" timestamp="2021-09-14T15:20:58 IST" skipped="0">
  <testcase classname="ForgotPassword" name="changePasswordOne" time="1.262"/>
  <system-out/>
  <testcase classname="ForgotPassword" name="changePasswordTwo" time="2.453"/>
  <system-out/>
</testsuite> <!-- ForgotPassword -->
