<?xml version="1.0" encoding="UTF-8"?>
<!-- Generated by org.testng.reporters.JUnitReportReporter -->
<testsuite skipped="0" hostname="HP" name="functionalTests.UserMyBookingHistory" tests="1" failures="0" timestamp="2021-09-14T13:27:48 IST" time="42.770" errors="0">
  <testcase name="f" time="42.770" classname="functionalTests.UserMyBookingHistory"/>
  <system-out/>
</testsuite> <!-- functionalTests.UserMyBookingHistory -->
