<?xml version="1.0" encoding="UTF-8"?>
<!-- Generated by org.testng.reporters.JUnitReportReporter -->
<testsuite hostname="ARPGL006256" failures="0" tests="3" name="AdminPassword" time="6.070" errors="0" timestamp="2021-09-13T13:14:50 IST" skipped="0">
  <testcase classname="AdminPassword" name="changePasswordOne" time="1.835"/>
  <system-out/>
  <testcase classname="AdminPassword" name="changePasswordTwo" time="3.240"/>
  <system-out/>
  <testcase classname="AdminPassword" name="changePasswordThree" time="0.995"/>
  <system-out/>
</testsuite> <!-- AdminPassword -->
