<?xml version="1.0" encoding="UTF-8"?>
<!-- Generated by org.testng.reporters.JUnitReportReporter -->
<testsuite hostname="ARPGL006256" failures="0" tests="2" name="SignUp" time="5.838" errors="0" timestamp="2021-09-14T13:58:35 IST" skipped="0">
  <testcase classname="SignUp" name="signupTestValid" time="3.217"/>
  <system-out/>
  <testcase classname="SignUp" name="signupTestInvalid" time="2.621"/>
  <system-out/>
</testsuite> <!-- SignUp -->
