<?xml version="1.0" encoding="UTF-8"?>
<!-- Generated by org.testng.reporters.JUnitReportReporter -->
<testsuite hostname="ARPGL006256" failures="0" tests="3" name="AdminPassword" time="7.569" errors="0" timestamp="2021-09-14T10:47:03 IST" skipped="0">
  <testcase classname="AdminPassword" name="changePasswordOne" time="2.214"/>
  <system-out/>
  <testcase classname="AdminPassword" name="changePasswordTwo" time="4.114"/>
  <system-out/>
  <testcase classname="AdminPassword" name="changePasswordThree" time="1.241"/>
  <system-out/>
</testsuite> <!-- AdminPassword -->
