<?xml version="1.0" encoding="UTF-8"?>
<!-- Generated by org.testng.reporters.JUnitReportReporter -->
<testsuite hostname="ARPGL006256" failures="0" tests="3" name="AdminLogin" time="7.855" errors="0" timestamp="2021-09-13T14:03:15 IST" skipped="0">
  <testcase classname="AdminLogin" name="validLogin" time="2.347"/>
  <system-out/>
  <testcase classname="AdminLogin" name="adminLogout" time="4.721"/>
  <system-out/>
  <testcase classname="AdminLogin" name="invalidLogin" time="0.787"/>
  <system-out/>
</testsuite> <!-- AdminLogin -->
