<?xml version="1.0" encoding="UTF-8"?>
<!-- Generated by org.testng.reporters.JUnitReportReporter -->
<testsuite skipped="0" hostname="HP" name="functionalTests.LoginWithValid" tests="1" failures="0" timestamp="2021-09-14T13:00:55 IST" time="128.025" errors="0">
  <testcase name="LoginWithValidDetails" time="128.025" classname="functionalTests.LoginWithValid"/>
  <system-out/>
</testsuite> <!-- functionalTests.LoginWithValid -->
