<?xml version="1.0" encoding="UTF-8"?>
<!-- Generated by org.testng.reporters.JUnitReportReporter -->
<testsuite hostname="ARPGL006256" failures="0" tests="3" name="AdminLogin" time="6.894" errors="0" timestamp="2021-09-14T11:05:48 IST" skipped="0">
  <testcase classname="AdminLogin" name="validLogin" time="4.836"/>
  <system-out/>
  <testcase classname="AdminLogin" name="adminLogout" time="1.462"/>
  <system-out/>
  <testcase classname="AdminLogin" name="invalidLogin" time="0.596"/>
  <system-out/>
</testsuite> <!-- AdminLogin -->
